0 info it worked if it ends with ok
1 verbose cli [ 'C:\\Program Files (x86)\\nodejs\\\\node.exe',
1 verbose cli   'C:\\Program Files (x86)\\nodejs\\node_modules\\npm\\bin\\npm-cli.js',
1 verbose cli   'install' ]
2 info using npm@1.4.23
3 info using node@v0.10.31
4 verbose node symlink C:\Program Files (x86)\nodejs\\node.exe
5 verbose readDependencies using package.json deps
6 verbose install where, deps [ 'C:\\Users\\maltiti\\myTutorial',
6 verbose install   [ 'karma',
6 verbose install     'karma-chrome-launcher',
6 verbose install     'karma-jasmine',
6 verbose install     'protractor',
6 verbose install     'http-server',
6 verbose install     'tmp',
6 verbose install     'bower',
6 verbose install     'shelljs' ] ]
7 info preinstall angular-phonecat@0.0.0
8 warn package.json karma-chrome-launcher@0.1.4 No README data
9 verbose readDependencies using package.json deps
10 verbose already installed skipping karma@^0.12.16 C:\Users\maltiti\myTutorial
11 verbose already installed skipping karma-chrome-launcher@^0.1.4 C:\Users\maltiti\myTutorial
12 verbose already installed skipping karma-jasmine@^0.1.5 C:\Users\maltiti\myTutorial
13 verbose already installed skipping protractor@~1.0.0 C:\Users\maltiti\myTutorial
14 verbose already installed skipping http-server@^0.6.1 C:\Users\maltiti\myTutorial
15 verbose already installed skipping tmp@0.0.23 C:\Users\maltiti\myTutorial
16 verbose already installed skipping bower@^1.3.1 C:\Users\maltiti\myTutorial
17 verbose already installed skipping shelljs@^0.2.6 C:\Users\maltiti\myTutorial
18 silly resolved []
19 info build C:\Users\maltiti\myTutorial
20 verbose linkStuff [ false, false, false, 'C:\\Users\\maltiti' ]
21 info linkStuff angular-phonecat@0.0.0
22 verbose linkBins angular-phonecat@0.0.0
23 verbose linkMans angular-phonecat@0.0.0
24 verbose rebuildBundles angular-phonecat@0.0.0
25 verbose rebuildBundles [ '.bin',
25 verbose rebuildBundles   'bower',
25 verbose rebuildBundles   'http-server',
25 verbose rebuildBundles   'karma',
25 verbose rebuildBundles   'karma-chrome-launcher',
25 verbose rebuildBundles   'karma-jasmine',
25 verbose rebuildBundles   'protractor',
25 verbose rebuildBundles   'shelljs',
25 verbose rebuildBundles   'tmp' ]
26 info install angular-phonecat@0.0.0
27 info postinstall angular-phonecat@0.0.0
28 verbose unsafe-perm in lifecycle true
29 info angular-phonecat@0.0.0 Failed to exec postinstall script
30 error angular-phonecat@0.0.0 postinstall: `bower install`
30 error Exit status 8
31 error Failed at the angular-phonecat@0.0.0 postinstall script.
31 error This is most likely a problem with the angular-phonecat package,
31 error not with npm itself.
31 error Tell the author that this fails on your system:
31 error     bower install
31 error You can get their info via:
31 error     npm owner ls angular-phonecat
31 error There is likely additional logging output above.
32 error System Windows_NT 6.2.9200
33 error command "C:\\Program Files (x86)\\nodejs\\\\node.exe" "C:\\Program Files (x86)\\nodejs\\node_modules\\npm\\bin\\npm-cli.js" "install"
34 error cwd C:\Users\maltiti\myTutorial
35 error node -v v0.10.31
36 error npm -v 1.4.23
37 error code ELIFECYCLE
38 verbose exit [ 1, true ]
